<?xml version="1.0" encoding="UTF-8"?>
<!-- Generated by org.testng.reporters.JUnitReportReporter -->
<testsuite skipped="0" hostname="Lenovo" name="Runners.running" tests="4" failures="0" timestamp="2023-03-16T09:25:06 IST" time="43.678" errors="0">
  <testcase name="runScenario" time="18.848" classname="Runners.running"/>
  <system-out/>
  <testcase name="runScenario" time="5.070" classname="Runners.running"/>
  <system-out/>
  <testcase name="runScenario" time="13.366" classname="Runners.running"/>
  <system-out/>
  <testcase name="runScenario" time="6.394" classname="Runners.running"/>
  <system-out/>
</testsuite> <!-- Runners.running -->
