<?xml version="1.0" encoding="UTF-8"?>
<!-- Generated by org.testng.reporters.JUnitReportReporter -->
<testsuite skipped="0" hostname="Lenovo" name="Runners.running" tests="4" failures="0" timestamp="2023-03-17T12:22:51 IST" time="54.577" errors="0">
  <testcase name="runScenario" time="24.083" classname="Runners.running"/>
  <system-out/>
  <testcase name="runScenario" time="10.348" classname="Runners.running"/>
  <system-out/>
  <testcase name="runScenario" time="12.994" classname="Runners.running"/>
  <system-out/>
  <testcase name="runScenario" time="7.152" classname="Runners.running"/>
  <system-out/>
</testsuite> <!-- Runners.running -->
